d:\cike\obs\obs.git\pluginstore\win32\debug\vc120.pdb
d:\cike\obs\obs.git\pluginstore\win32\debug\qwinwidget.obj
d:\cike\obs\obs.git\pluginstore\win32\debug\qwinhost.obj
d:\cike\obs\obs.git\pluginstore\win32\debug\qmfcapp.obj
d:\cike\obs\obs.git\pluginstore\win32\debug\plugindb.obj
d:\cike\obs\obs.git\pluginstore\win32\debug\moc_webpluginevent.obj
d:\cike\obs\obs.git\pluginstore\win32\debug\moc_qwinwidget.obj
d:\cike\obs\obs.git\pluginstore\win32\debug\moc_qwinhost.obj
d:\cike\obs\obs.git\pluginstore\win32\debug\moc_pluginstore.obj
d:\cike\obs\obs.git\pluginstore\win32\debug\webpluginevent.obj
d:\cike\obs\obs.git\pluginstore\win32\debug\pluginstore.obj
d:\cike\obs\obs.git\pluginstore\debug\moc_pluginstore.cpp
d:\cike\obs\obs.git\pluginstore\debug\moc_qwinhost.cpp
d:\cike\obs\obs.git\pluginstore\debug\moc_qwinwidget.cpp
d:\cike\obs\obs.git\pluginstore\debug\moc_webpluginevent.cpp
d:\cike\obs\obs.git\pluginstore\generatedfiles\ui_pluginstore.h
d:\cike\obs\obs.git\pluginstore\debug\qrc_resource.cpp
d:\cike\obs\obs.git\pluginstore\win32\debug\pluginstore.tlog\cl.command.1.tlog
d:\cike\obs\obs.git\pluginstore\win32\debug\pluginstore.tlog\cl.read.1.tlog
d:\cike\obs\obs.git\pluginstore\win32\debug\pluginstore.tlog\cl.write.1.tlog
d:\cike\obs\obs.git\pluginstore\win32\debug\pluginstore.tlog\custombuild.command.1.tlog
d:\cike\obs\obs.git\pluginstore\win32\debug\pluginstore.tlog\custombuild.read.1.tlog
d:\cike\obs\obs.git\pluginstore\win32\debug\pluginstore.tlog\custombuild.write.1.tlog
d:\cike\obs\obs.git\pluginstore\win32\debug\pluginstore.tlog\link-cvtres.read.1.tlog
d:\cike\obs\obs.git\pluginstore\win32\debug\pluginstore.tlog\link-cvtres.write.1.tlog
d:\cike\obs\obs.git\pluginstore\win32\debug\pluginstore.tlog\link-rc.read.1.tlog
d:\cike\obs\obs.git\pluginstore\win32\debug\pluginstore.tlog\link-rc.write.1.tlog
d:\cike\obs\obs.git\pluginstore\win32\debug\pluginstore.tlog\link.command.1.tlog
d:\cike\obs\obs.git\pluginstore\win32\debug\pluginstore.tlog\link.read.1.tlog
d:\cike\obs\obs.git\pluginstore\win32\debug\pluginstore.tlog\link.write.1.tlog
